# JRE version: OpenJDK Runtime Environment (8.0_242-b01) (build 1.8.0_242-release-1644-b01)
# Java VM: OpenJDK 64-Bit Server VM (25.242-b01 mixed mode windows-amd64 compressed oops)
Heap:
 PSYoungGen      total 564736K, used 251785K [0x00000000d5580000, 0x0000000100000000, 0x0000000100000000)
  eden space 498176K, 37% used [0x00000000d5580000,0x00000000e0a64e78,0x00000000f3c00000)
  from space 66560K, 99% used [0x00000000fbf00000,0x00000000ffffd6c8,0x0000000100000000)
  to   space 100352K, 0% used [0x00000000f3c00000,0x00000000f3c00000,0x00000000f9e00000)
 ParOldGen       total 1094656K, used 862663K [0x0000000080000000, 0x00000000c2d00000, 0x00000000d5580000)
  object space 1094656K, 78% used [0x0000000080000000,0x00000000b4a71c10,0x00000000c2d00000)
 Metaspace       used 2141967K, capacity 2268836K, committed 2276032K, reserved 3022848K
  class space    used 276466K, capacity 301763K, committed 303360K, reserved 1048576K
GC Heap History (10 events):
Event: 10766.234 GC heap before
{Heap before GC invocations=533 (full 25):
 PSYoungGen      total 643584K, used 620560K [0x00000000d5580000, 0x0000000100000000, 0x0000000100000000)
  eden space 591360K, 100% used [0x00000000d5580000,0x00000000f9700000,0x00000000f9700000)
  from space 52224K, 55% used [0x00000000f9700000,0x00000000fb384138,0x00000000fca00000)
  to   space 52224K, 0% used [0x00000000fcd00000,0x00000000fcd00000,0x0000000100000000)
 ParOldGen       total 1094656K, used 719871K [0x0000000080000000, 0x00000000c2d00000, 0x00000000d5580000)
  object space 1094656K, 65% used [0x0000000080000000,0x00000000abeffeb8,0x00000000c2d00000)
 Metaspace       used 2141338K, capacity 2267874K, committed 2276032K, reserved 3022848K
  class space    used 276411K, capacity 301650K, committed 303360K, reserved 1048576K
Event: 10766.281 GC heap after
Heap after GC invocations=533 (full 25):
 PSYoungGen      total 645632K, used 9109K [0x00000000d5580000, 0x00000000fff00000, 0x0000000100000000)
  eden space 594432K, 0% used [0x00000000d5580000,0x00000000d5580000,0x00000000f9a00000)
  from space 51200K, 17% used [0x00000000fcd00000,0x00000000fd5e5720,0x00000000fff00000)
  to   space 51712K, 0% used [0x00000000f9a00000,0x00000000f9a00000,0x00000000fcc80000)
 ParOldGen       total 1094656K, used 723982K [0x0000000080000000, 0x00000000c2d00000, 0x00000000d5580000)
  object space 1094656K, 66% used [0x0000000080000000,0x00000000ac303938,0x00000000c2d00000)
 Metaspace       used 2141338K, capacity 2267874K, committed 2276032K, reserved 3022848K
  class space    used 276411K, capacity 301650K, committed 303360K, reserved 1048576K
}
Event: 10769.510 GC heap before
{Heap before GC invocations=534 (full 25):
 PSYoungGen      total 645632K, used 603541K [0x00000000d5580000, 0x00000000fff00000, 0x0000000100000000)
  eden space 594432K, 100% used [0x00000000d5580000,0x00000000f9a00000,0x00000000f9a00000)
  from space 51200K, 17% used [0x00000000fcd00000,0x00000000fd5e5720,0x00000000fff00000)
  to   space 51712K, 0% used [0x00000000f9a00000,0x00000000f9a00000,0x00000000fcc80000)
 ParOldGen       total 1094656K, used 723982K [0x0000000080000000, 0x00000000c2d00000, 0x00000000d5580000)
  object space 1094656K, 66% used [0x0000000080000000,0x00000000ac303938,0x00000000c2d00000)
 Metaspace       used 2141605K, capacity 2268152K, committed 2276032K, reserved 3022848K
  class space    used 276417K, capacity 301657K, committed 303360K, reserved 1048576K
Event: 10769.675 GC heap after
Heap after GC invocations=534 (full 25):
 PSYoungGen      total 646144K, used 51688K [0x00000000d5580000, 0x0000000100000000, 0x0000000100000000)
  eden space 594432K, 0% used [0x00000000d5580000,0x00000000d5580000,0x00000000f9a00000)
  from space 51712K, 99% used [0x00000000f9a00000,0x00000000fcc7a1f0,0x00000000fcc80000)
  to   space 52736K, 0% used [0x00000000fcc80000,0x00000000fcc80000,0x0000000100000000)
 ParOldGen       total 1094656K, used 763324K [0x0000000080000000, 0x00000000c2d00000, 0x00000000d5580000)
  object space 1094656K, 69% used [0x0000000080000000,0x00000000ae96f0c8,0x00000000c2d00000)
 Metaspace       used 2141605K, capacity 2268152K, committed 2276032K, reserved 3022848K
  class space    used 276417K, capacity 301657K, committed 303360K, reserved 1048576K
}
Event: 10805.395 GC heap before
{Heap before GC invocations=535 (full 25):
 PSYoungGen      total 646144K, used 646120K [0x00000000d5580000, 0x0000000100000000, 0x0000000100000000)
  eden space 594432K, 100% used [0x00000000d5580000,0x00000000f9a00000,0x00000000f9a00000)
  from space 51712K, 99% used [0x00000000f9a00000,0x00000000fcc7a1f0,0x00000000fcc80000)
  to   space 52736K, 0% used [0x00000000fcc80000,0x00000000fcc80000,0x0000000100000000)
 ParOldGen       total 1094656K, used 763324K [0x0000000080000000, 0x00000000c2d00000, 0x00000000d5580000)
  object space 1094656K, 69% used [0x0000000080000000,0x00000000ae96f0c8,0x00000000c2d00000)
 Metaspace       used 2141732K, capacity 2268268K, committed 2276032K, reserved 3022848K
  class space    used 276429K, capacity 301667K, committed 303360K, reserved 1048576K
Event: 10805.474 GC heap after
Heap after GC invocations=535 (full 25):
 PSYoungGen      total 612352K, used 27762K [0x00000000d5580000, 0x0000000100000000, 0x0000000100000000)
  eden space 559616K, 0% used [0x00000000d5580000,0x00000000d5580000,0x00000000f7800000)
  from space 52736K, 52% used [0x00000000fcc80000,0x00000000fe79cb40,0x0000000100000000)
  to   space 69632K, 0% used [0x00000000f7800000,0x00000000f7800000,0x00000000fbc00000)
 ParOldGen       total 1094656K, used 786313K [0x0000000080000000, 0x00000000c2d00000, 0x00000000d5580000)
  object space 1094656K, 71% used [0x0000000080000000,0x00000000affe24f0,0x00000000c2d00000)
 Metaspace       used 2141732K, capacity 2268268K, committed 2276032K, reserved 3022848K
  class space    used 276429K, capacity 301667K, committed 303360K, reserved 1048576K
}
Event: 10810.856 GC heap before
{Heap before GC invocations=536 (full 25):
 PSYoungGen      total 612352K, used 587377K [0x00000000d5580000, 0x0000000100000000, 0x0000000100000000)
  eden space 559616K, 99% used [0x00000000d5580000,0x00000000f77ffa08,0x00000000f7800000)
  from space 52736K, 52% used [0x00000000fcc80000,0x00000000fe79cb40,0x0000000100000000)
  to   space 69632K, 0% used [0x00000000f7800000,0x00000000f7800000,0x00000000fbc00000)
 ParOldGen       total 1094656K, used 786313K [0x0000000080000000, 0x00000000c2d00000, 0x00000000d5580000)
  object space 1094656K, 71% used [0x0000000080000000,0x00000000affe24f0,0x00000000c2d00000)
 Metaspace       used 2141844K, capacity 2268514K, committed 2276032K, reserved 3022848K
  class space    used 276451K, capacity 301708K, committed 303360K, reserved 1048576K
Event: 10810.935 GC heap after
Heap after GC invocations=536 (full 25):
 PSYoungGen      total 629248K, used 21394K [0x00000000d5580000, 0x0000000100000000, 0x0000000100000000)
  eden space 559616K, 0% used [0x00000000d5580000,0x00000000d5580000,0x00000000f7800000)
  from space 69632K, 30% used [0x00000000f7800000,0x00000000f8ce49a8,0x00000000fbc00000)
  to   space 66560K, 0% used [0x00000000fbf00000,0x00000000fbf00000,0x0000000100000000)
 ParOldGen       total 1094656K, used 800654K [0x0000000080000000, 0x00000000c2d00000, 0x00000000d5580000)
  object space 1094656K, 73% used [0x0000000080000000,0x00000000b0de3938,0x00000000c2d00000)
 Metaspace       used 2141844K, capacity 2268514K, committed 2276032K, reserved 3022848K
  class space    used 276451K, capacity 301708K, committed 303360K, reserved 1048576K
}
Event: 10815.875 GC heap before
{Heap before GC invocations=537 (full 25):
 PSYoungGen      total 629248K, used 581010K [0x00000000d5580000, 0x0000000100000000, 0x0000000100000000)
  eden space 559616K, 100% used [0x00000000d5580000,0x00000000f7800000,0x00000000f7800000)
  from space 69632K, 30% used [0x00000000f7800000,0x00000000f8ce49a8,0x00000000fbc00000)
  to   space 66560K, 0% used [0x00000000fbf00000,0x00000000fbf00000,0x0000000100000000)
 ParOldGen       total 1094656K, used 800654K [0x0000000080000000, 0x00000000c2d00000, 0x00000000d5580000)
  object space 1094656K, 73% used [0x0000000080000000,0x00000000b0de3938,0x00000000c2d00000)
 Metaspace       used 2141885K, capacity 2268610K, committed 2276032K, reserved 3022848K
  class space    used 276454K, capacity 301740K, committed 303360K, reserved 1048576K
Event: 10816.027 GC heap after
Heap after GC invocations=537 (full 25):
 PSYoungGen      total 564736K, used 66549K [0x00000000d5580000, 0x0000000100000000, 0x0000000100000000)
  eden space 498176K, 0% used [0x00000000d5580000,0x00000000d5580000,0x00000000f3c00000)
  from space 66560K, 99% used [0x00000000fbf00000,0x00000000ffffd6c8,0x0000000100000000)
  to   space 100352K, 0% used [0x00000000f3c00000,0x00000000f3c00000,0x00000000f9e00000)
 ParOldGen       total 1094656K, used 862663K [0x0000000080000000, 0x00000000c2d00000, 0x00000000d5580000)
  object space 1094656K, 78% used [0x0000000080000000,0x00000000b4a71c10,0x00000000c2d00000)
 Metaspace       used 2141885K, capacity 2268610K, committed 2276032K, reserved 3022848K
  class space    used 276454K, capacity 301740K, committed 303360K, reserved 1048576K
}

